<?xml version="1.0" encoding="UTF-8"?>
<testsuite xmlns:xsi="http://www.w3.org/2001/XMLSchema-instance" xsi:noNamespaceSchemaLocation="https://maven.apache.org/surefire/maven-surefire-plugin/xsd/surefire-test-report.xsd" name="com.mycompany.vendingmachine.service.VendingMachineServiceLayerImplTest" time="0" tests="8" errors="0" skipped="0" failures="0">
  <properties>
[...]
</properties>
  <testcase name="testGetFunds" classname="com.mycompany.vendingmachine.service.VendingMachineServiceLayerImplTest" time="0"/>
  <testcase name="testWriteItems" classname="com.mycompany.vendingmachine.service.VendingMachineServiceLayerImplTest" time="0"/>
  <testcase name="testVend" classname="com.mycompany.vendingmachine.service.VendingMachineServiceLayerImplTest" time="0"/>
  <testcase name="testGetAllItems" classname="com.mycompany.vendingmachine.service.VendingMachineServiceLayerImplTest" time="0"/>
  <testcase name="testAddFunds" classname="com.mycompany.vendingmachine.service.VendingMachineServiceLayerImplTest" time="0"/>
  <testcase name="testGetItemsCount" classname="com.mycompany.vendingmachine.service.VendingMachineServiceLayerImplTest" time="0"/>
  <testcase name="testGetChange" classname="com.mycompany.vendingmachine.service.VendingMachineServiceLayerImplTest" time="0"/>
  <testcase name="testLoadItems" classname="com.mycompany.vendingmachine.service.VendingMachineServiceLayerImplTest" time="0"/>
</testsuite>